[2026-02-08 18:55:28] [pace_errors] [ERROR] [logging.py:log_integrity_error:87] [ROUTER: college_depts] [ENDPOINT: create_college_dept] [ERROR_CODE: DUPLICATE_COLLEGE_DEPT_ABBV] [MESSAGE: College department abbreviation already in use] [SQL_ERROR: (psycopg2.errors.UniqueViolation) duplicate key value violates unique constraint "ix_college_depts_college_dept_abbv"
DETAIL:  Key (college_dept_abbv)=(CCS) already exists.

[SQL: INSERT INTO college_depts (college_dept_abbv, college_dept_name, college_dept_desc, college_dept_id, college_dept_code, created_at, updated_at) VALUES (%(college_dept_abbv)s, %(college_dept_name)s, %(college_dept_desc)s, %(college_dept_id)s, %(college_dept_code)s::UUID, %(created_at)s, %(updated_at)s)]
[parameters: {'college_dept_abbv': 'CCS', 'college_dept_name': 'College of Computer Science', 'college_dept_desc': 'Description Placeholder', 'college_dept_id': 'CLG-000002', 'college_dept_code': UUID('af4c1bf1-c742-43d0-9433-06444bb5a083'), 'created_at': datetime.datetime(2026, 2, 8, 10, 55, 27, 560958, tzinfo=datetime.timezone.utc), 'updated_at': datetime.datetime(2026, 2, 8, 10, 55, 27, 560966, tzinfo=datetime.timezone.utc)}]
(Background on this error at: https://sqlalche.me/e/20/gkpj)]
[2026-02-08 18:55:35] [pace_errors] [ERROR] [logging.py:log_integrity_error:87] [ROUTER: college_depts] [ENDPOINT: create_college_dept] [ERROR_CODE: DUPLICATE_COLLEGE_DEPT_NAME] [MESSAGE: College department name already in use] [SQL_ERROR: (psycopg2.errors.UniqueViolation) duplicate key value violates unique constraint "ix_college_depts_college_dept_name"
DETAIL:  Key (college_dept_name)=(College of Computer Science) already exists.

[SQL: INSERT INTO college_depts (college_dept_abbv, college_dept_name, college_dept_desc, college_dept_id, college_dept_code, created_at, updated_at) VALUES (%(college_dept_abbv)s, %(college_dept_name)s, %(college_dept_desc)s, %(college_dept_id)s, %(college_dept_code)s::UUID, %(created_at)s, %(updated_at)s)]
[parameters: {'college_dept_abbv': 'CCSA', 'college_dept_name': 'College of Computer Science', 'college_dept_desc': 'Description Placeholder', 'college_dept_id': 'CLG-000002', 'college_dept_code': UUID('9d4fa20b-8cec-4c57-818c-90799291a64e'), 'created_at': datetime.datetime(2026, 2, 8, 10, 55, 35, 343446, tzinfo=datetime.timezone.utc), 'updated_at': datetime.datetime(2026, 2, 8, 10, 55, 35, 343453, tzinfo=datetime.timezone.utc)}]
(Background on this error at: https://sqlalche.me/e/20/gkpj)]
[2026-02-08 19:12:54] [pace_errors] [ERROR] [logging.py:log_integrity_error:87] [ROUTER: courses] [ENDPOINT: create_course] [ERROR_CODE: DUPLICATE_COURSE_ABBV] [MESSAGE: Course abbreviation already in use] [SQL_ERROR: (psycopg2.errors.UniqueViolation) duplicate key value violates unique constraint "ix_courses_course_abbv"
DETAIL:  Key (course_abbv)=(BSIT) already exists.

[SQL: INSERT INTO courses (course_abbv, course_name, course_desc, course_id, course_code, college_dept_code, created_at, updated_at) VALUES (%(course_abbv)s, %(course_name)s, %(course_desc)s, %(course_id)s, %(course_code)s::UUID, %(college_dept_code)s::UUID, %(created_at)s, %(updated_at)s)]
[parameters: {'course_abbv': 'BSIT', 'course_name': 'Bachelor of Science in Information Technology', 'course_desc': 'Description Placeholder', 'course_id': 'CRS-000002', 'course_code': UUID('9d7936e2-d74d-4b61-b8e0-68427adf565b'), 'college_dept_code': UUID('698a3932-f57b-4bec-87e9-080cd5bd522c'), 'created_at': datetime.datetime(2026, 2, 8, 11, 12, 53, 885297, tzinfo=datetime.timezone.utc), 'updated_at': datetime.datetime(2026, 2, 8, 11, 12, 53, 885304, tzinfo=datetime.timezone.utc)}]
(Background on this error at: https://sqlalche.me/e/20/gkpj)]
[2026-02-08 19:13:01] [pace_errors] [ERROR] [logging.py:log_integrity_error:87] [ROUTER: courses] [ENDPOINT: create_course] [ERROR_CODE: DUPLICATE_COURSE_NAME] [MESSAGE: Course name already in use] [SQL_ERROR: (psycopg2.errors.UniqueViolation) duplicate key value violates unique constraint "ix_courses_course_name"
DETAIL:  Key (course_name)=(Bachelor of Science in Information Technology) already exists.

[SQL: INSERT INTO courses (course_abbv, course_name, course_desc, course_id, course_code, college_dept_code, created_at, updated_at) VALUES (%(course_abbv)s, %(course_name)s, %(course_desc)s, %(course_id)s, %(course_code)s::UUID, %(college_dept_code)s::UUID, %(created_at)s, %(updated_at)s)]
[parameters: {'course_abbv': 'BSITA', 'course_name': 'Bachelor of Science in Information Technology', 'course_desc': 'Description Placeholder', 'course_id': 'CRS-000002', 'course_code': UUID('071d6a04-f335-4fbb-8c22-705ae028ab6c'), 'college_dept_code': UUID('698a3932-f57b-4bec-87e9-080cd5bd522c'), 'created_at': datetime.datetime(2026, 2, 8, 11, 13, 1, 52730, tzinfo=datetime.timezone.utc), 'updated_at': datetime.datetime(2026, 2, 8, 11, 13, 1, 52736, tzinfo=datetime.timezone.utc)}]
(Background on this error at: https://sqlalche.me/e/20/gkpj)]
[2026-02-08 19:13:54] [pace_errors] [ERROR] [logging.py:log_error:65] [ROUTER: courses] [ENDPOINT: get_course] [ERROR_CODE: COURSE_NOT_FOUND] [MESSAGE: Course 2CRS-000001 not found]
[2026-02-08 19:14:37] [pace_errors] [ERROR] [logging.py:log_error:65] [ROUTER: courses] [ENDPOINT: update_course] [ERROR_CODE: COURSE_NOT_FOUND] [MESSAGE: Course CLG-000002 not found]
[2026-02-08 19:14:46] [pace_errors] [ERROR] [logging.py:log_error:65] [ROUTER: courses] [ENDPOINT: update_course] [ERROR_CODE: COURSE_NOT_FOUND] [MESSAGE: Course CLG-000002 not found]
[2026-02-08 19:20:10] [pace_errors] [ERROR] [logging.py:log_integrity_error:87] [ROUTER: student_records] [ENDPOINT: create_student_record] [ERROR_CODE: DUPLICATE_STUDENT_ID] [MESSAGE: Student ID already in use] [SQL_ERROR: (psycopg2.errors.UniqueViolation) duplicate key value violates unique constraint "ix_student_records_student_id"
DETAIL:  Key (student_id)=(23-00123) already exists.

[SQL: INSERT INTO student_records (student_id, year_graduated, gwa, avg_prof_grade, avg_elec_grade, ojt_grade, leadership_pos, act_member_pos, student_code, course_code, alumni_code, created_at) VALUES (%(student_id)s, %(year_graduated)s, %(gwa)s, %(avg_prof_grade)s, %(avg_elec_grade)s, %(ojt_grade)s, %(leadership_pos)s, %(act_member_pos)s, %(student_code)s::UUID, %(course_code)s::UUID, %(alumni_code)s::UUID, %(created_at)s)]
[parameters: {'student_id': '23-00123', 'year_graduated': 2027, 'gwa': 1.5, 'avg_prof_grade': 1.4, 'avg_elec_grade': 1.6, 'ojt_grade': 1.5, 'leadership_pos': True, 'act_member_pos': False, 'student_code': UUID('b1005f85-12ff-4382-9a8d-544004209fad'), 'course_code': UUID('3b9c1e3a-6e57-4f05-9657-053fa7366a50'), 'alumni_code': UUID('1b03ba2b-e473-43db-9f49-d84a5edb97f7'), 'created_at': datetime.datetime(2026, 2, 8, 19, 20, 9, 944714, tzinfo=datetime.timezone(datetime.timedelta(seconds=28800)))}]
(Background on this error at: https://sqlalche.me/e/20/gkpj)]
[2026-02-08 19:20:44] [pace_errors] [ERROR] [logging.py:log_error:65] [ROUTER: student_records] [ENDPOINT: create_student_record] [ERROR_CODE: ALUMNI_NOT_FOUND] [MESSAGE: Alumni ALMN-000001 not found]
[2026-02-08 19:22:13] [pace_errors] [ERROR] [logging.py:log_integrity_error:87] [ROUTER: alumni] [ENDPOINT: register_complete_alumni] [ERROR_CODE: DUPLICATE_USERNAME] [MESSAGE: Username already in use] [SQL_ERROR: (psycopg2.errors.UniqueViolation) duplicate key value violates unique constraint "ix_users_username"
DETAIL:  Key (username)=(johndoe) already exists.

[SQL: INSERT INTO users (user_id, username, email, user_type, user_code, password, created_at) VALUES (%(user_id)s, %(username)s, %(email)s, %(user_type)s, %(user_code)s::UUID, %(password)s, %(created_at)s)]
[parameters: {'user_id': 'USER-000003', 'username': 'johndoe', 'email': 'johndoe@example.com', 'user_type': 'USER', 'user_code': UUID('1235d16f-0e6f-412f-93f2-56ee7f2bcce0'), 'password': '$2b$12$OLfBFwgKEA6Edd6UMKe5bOuNGtzrI7/mDHrVPK2DdIXH6NzOZF0sm', 'created_at': datetime.datetime(2026, 2, 8, 19, 22, 13, 501323, tzinfo=datetime.timezone(datetime.timedelta(seconds=28800)))}]
(Background on this error at: https://sqlalche.me/e/20/gkpj)]
[2026-02-08 19:24:06] [pace_errors] [ERROR] [logging.py:log_integrity_error:87] [ROUTER: student_records] [ENDPOINT: create_student_record] [ERROR_CODE: ALUMNI_ALREADY_HAS_STUDENT_RECORD] [MESSAGE: Alumni already has student record] [SQL_ERROR: (psycopg2.errors.UniqueViolation) duplicate key value violates unique constraint "student_records_alumni_code_key"
DETAIL:  Key (alumni_code)=(21768bc6-ea73-40fe-823d-61a26f6164aa) already exists.

[SQL: INSERT INTO student_records (student_id, year_graduated, gwa, avg_prof_grade, avg_elec_grade, ojt_grade, leadership_pos, act_member_pos, student_code, course_code, alumni_code, created_at) VALUES (%(student_id)s, %(year_graduated)s, %(gwa)s, %(avg_prof_grade)s, %(avg_elec_grade)s, %(ojt_grade)s, %(leadership_pos)s, %(act_member_pos)s, %(student_code)s::UUID, %(course_code)s::UUID, %(alumni_code)s::UUID, %(created_at)s)]
[parameters: {'student_id': '23-00456', 'year_graduated': 2026, 'gwa': 1.4, 'avg_prof_grade': 1.3, 'avg_elec_grade': 1.5, 'ojt_grade': 1.4, 'leadership_pos': False, 'act_member_pos': True, 'student_code': UUID('9cc3cf83-b8f2-4d87-bad7-24075cf53e6d'), 'course_code': UUID('3b9c1e3a-6e57-4f05-9657-053fa7366a50'), 'alumni_code': UUID('21768bc6-ea73-40fe-823d-61a26f6164aa'), 'created_at': datetime.datetime(2026, 2, 8, 19, 24, 5, 937003, tzinfo=datetime.timezone(datetime.timedelta(seconds=28800)))}]
(Background on this error at: https://sqlalche.me/e/20/gkpj)]
